f:\documents\visual studio 2015\projects\computerz\computerz\x64\release\main.obj
f:\documents\visual studio 2015\projects\computerz\computerz\x64\release\qrc_computerz.obj
f:\documents\visual studio 2015\projects\computerz\computerz\x64\release\moc_computerz.obj
f:\documents\visual studio 2015\projects\computerz\computerz\x64\release\computerz.obj
f:\documents\visual studio 2015\projects\computerz\computerz\x64\release\tools.obj
f:\documents\visual studio 2015\projects\computerz\computerz\generatedfiles\ui_computerz.h
f:\documents\visual studio 2015\projects\computerz\computerz\generatedfiles\qrc_computerz.cpp
f:\documents\visual studio 2015\projects\computerz\computerz\generatedfiles\release\moc_computerz.cpp
f:\documents\visual studio 2015\projects\computerz\x64\release\computerz.exe
f:\documents\visual studio 2015\projects\computerz\computerz\.\generatedfiles\release\moc_computerz.cpp
f:\documents\visual studio 2015\projects\computerz\computerz\.\generatedfiles\qrc_computerz.cpp
f:\documents\visual studio 2015\projects\computerz\computerz\.\generatedfiles\ui_computerz.h
f:\documents\visual studio 2015\projects\computerz\computerz\x64\release\computerz.tlog\cl.command.1.tlog
f:\documents\visual studio 2015\projects\computerz\computerz\x64\release\computerz.tlog\cl.read.1.tlog
f:\documents\visual studio 2015\projects\computerz\computerz\x64\release\computerz.tlog\cl.write.1.tlog
f:\documents\visual studio 2015\projects\computerz\computerz\x64\release\computerz.tlog\computerz.write.1u.tlog
f:\documents\visual studio 2015\projects\computerz\computerz\x64\release\computerz.tlog\link.command.1.tlog
f:\documents\visual studio 2015\projects\computerz\computerz\x64\release\computerz.tlog\link.read.1.tlog
f:\documents\visual studio 2015\projects\computerz\computerz\x64\release\computerz.tlog\link.write.1.tlog
f:\documents\visual studio 2015\projects\computerz\computerz\x64\release\computerz.tlog\moc.read.1u.tlog
f:\documents\visual studio 2015\projects\computerz\computerz\x64\release\computerz.tlog\moc.write.1u.tlog
f:\documents\visual studio 2015\projects\computerz\computerz\x64\release\computerz.tlog\rcc.read.1u.tlog
f:\documents\visual studio 2015\projects\computerz\computerz\x64\release\computerz.tlog\rcc.write.1u.tlog
f:\documents\visual studio 2015\projects\computerz\computerz\x64\release\computerz.tlog\uic.read.1u.tlog
f:\documents\visual studio 2015\projects\computerz\computerz\x64\release\computerz.tlog\uic.write.1u.tlog
