f:\documents\visual studio 2015\projects\computerz\computerz\x64\debug\computerz.obj
f:\documents\visual studio 2015\projects\computerz\computerz\x64\debug\main.obj
f:\documents\visual studio 2015\projects\computerz\computerz\x64\debug\qrc_computerz.obj
f:\documents\visual studio 2015\projects\computerz\computerz\x64\debug\moc_computerz.obj
f:\documents\visual studio 2015\projects\computerz\computerz\generatedfiles\ui_computerz.h
f:\documents\visual studio 2015\projects\computerz\computerz\generatedfiles\qrc_computerz.cpp
f:\documents\visual studio 2015\projects\computerz\computerz\generatedfiles\debug\moc_computerz.cpp
f:\documents\visual studio 2015\projects\computerz\computerz\.\generatedfiles\debug\moc_computerz.cpp
f:\documents\visual studio 2015\projects\computerz\computerz\.\generatedfiles\qrc_computerz.cpp
f:\documents\visual studio 2015\projects\computerz\computerz\.\generatedfiles\ui_computerz.h
f:\documents\visual studio 2015\projects\computerz\computerz\x64\debug\vc140.pdb
f:\documents\visual studio 2015\projects\computerz\computerz\x64\debug\computerz.tlog\cl.command.1.tlog
f:\documents\visual studio 2015\projects\computerz\computerz\x64\debug\computerz.tlog\cl.read.1.tlog
f:\documents\visual studio 2015\projects\computerz\computerz\x64\debug\computerz.tlog\cl.write.1.tlog
f:\documents\visual studio 2015\projects\computerz\computerz\x64\debug\computerz.tlog\computerz.write.1u.tlog
f:\documents\visual studio 2015\projects\computerz\computerz\x64\debug\computerz.tlog\moc.read.1u.tlog
f:\documents\visual studio 2015\projects\computerz\computerz\x64\debug\computerz.tlog\moc.write.1u.tlog
f:\documents\visual studio 2015\projects\computerz\computerz\x64\debug\computerz.tlog\rcc.read.1u.tlog
f:\documents\visual studio 2015\projects\computerz\computerz\x64\debug\computerz.tlog\rcc.write.1u.tlog
f:\documents\visual studio 2015\projects\computerz\computerz\x64\debug\computerz.tlog\uic.read.1u.tlog
f:\documents\visual studio 2015\projects\computerz\computerz\x64\debug\computerz.tlog\uic.write.1u.tlog
